Build started 29-Mar-17 9:40:16 PM.
     1>Project "C:\Users\Derricks\Desktop\RoachOne-master\EnginePart1.vcxproj" on node 2 (Build target(s)).
     1>ClCompile:
         C:\Program Files (x86)\Microsoft Visual Studio 12.0\VC\bin\CL.exe /c /I"C:\Program Files (x86)\Microsoft DirectX SDK (June 2010)\\Include" /Zi /nologo /W3 /WX- /O2 /Oi /Oy- /GL /D _MBCS /Gm- /EHsc /MT /GS /Gy /fp:precise /Zc:wchar_t /Zc:forScope /Fo"Release\\" /Fd"Release\vc120.pdb" /Gd /TP /analyze- /errorReport:prompt flyGame.cpp
         flyGame.cpp
     1>flyGame.cpp(284): warning C4244: 'argument' : conversion from 'const UINT' to 'float', possible loss of data
     1>flyGame.cpp(285): warning C4244: 'argument' : conversion from 'const UINT' to 'float', possible loss of data
     1>flyGame.cpp(288): warning C4244: 'argument' : conversion from 'int' to 'FLOAT', possible loss of data
     1>flyGame.cpp(292): warning C4244: 'argument' : conversion from 'const UINT' to 'float', possible loss of data
     1>flyGame.cpp(296): warning C4244: 'argument' : conversion from 'const UINT' to 'float', possible loss of data
     1>flyGame.cpp(297): warning C4244: 'argument' : conversion from 'const UINT' to 'float', possible loss of data
     1>flyGame.cpp(299): warning C4244: 'argument' : conversion from 'const UINT' to 'float', possible loss of data
     1>flyGame.cpp(302): warning C4244: 'argument' : conversion from 'const UINT' to 'float', possible loss of data
     1>flyGame.cpp(305): warning C4305: 'argument' : truncation from 'double' to 'float'
     1>flyGame.cpp(306): warning C4305: 'argument' : truncation from 'double' to 'float'
     1>flyGame.cpp(307): warning C4305: 'argument' : truncation from 'double' to 'float'
     1>flyGame.cpp(308): warning C4305: 'argument' : truncation from 'double' to 'float'
     1>flyGame.cpp(310): warning C4305: 'argument' : truncation from 'double' to 'float'
     1>flyGame.cpp(312): warning C4305: 'argument' : truncation from 'double' to 'float'
     1>flyGame.cpp(315): warning C4305: 'argument' : truncation from 'double' to 'float'
     1>flyGame.cpp(317): warning C4305: 'argument' : truncation from 'double' to 'float'
     1>flyGame.cpp(422): warning C4244: '=' : conversion from 'double' to 'float', possible loss of data
     1>flyGame.cpp(461): warning C4244: '=' : conversion from 'double' to 'float', possible loss of data
     1>flyGame.cpp(467): warning C4244: '=' : conversion from 'double' to 'float', possible loss of data
     1>flyGame.cpp(484): warning C4244: '=' : conversion from 'double' to 'float', possible loss of data
     1>flyGame.cpp(491): warning C4244: '=' : conversion from 'double' to 'float', possible loss of data
     1>flyGame.cpp(513): warning C4244: 'argument' : conversion from 'const UINT' to 'float', possible loss of data
     1>flyGame.cpp(514): warning C4244: 'argument' : conversion from 'const UINT' to 'float', possible loss of data
     1>flyGame.cpp(529): warning C4244: 'argument' : conversion from 'const UINT' to 'float', possible loss of data
     1>flyGame.cpp(537): warning C4244: 'argument' : conversion from 'const UINT' to 'float', possible loss of data
     1>flyGame.cpp(538): warning C4244: 'argument' : conversion from 'const UINT' to 'float', possible loss of data
     1>flyGame.cpp(622): warning C4244: 'argument' : conversion from 'const UINT' to 'float', possible loss of data
     1>flyGame.cpp(623): warning C4244: 'argument' : conversion from 'const UINT' to 'float', possible loss of data
     1>flyGame.cpp(632): warning C4244: 'argument' : conversion from 'const UINT' to 'float', possible loss of data
     1>flyGame.cpp(633): warning C4244: 'argument' : conversion from 'const UINT' to 'float', possible loss of data
     1>flyGame.cpp(638): warning C4244: 'argument' : conversion from 'const UINT' to 'float', possible loss of data
     1>flyGame.cpp(639): warning C4244: 'argument' : conversion from 'const UINT' to 'float', possible loss of data
     1>flyGame.cpp(643): warning C4244: 'argument' : conversion from 'const UINT' to 'float', possible loss of data
     1>flyGame.cpp(644): warning C4244: 'argument' : conversion from 'const UINT' to 'float', possible loss of data
     1>flyGame.cpp(650): warning C4244: 'argument' : conversion from 'const UINT' to 'float', possible loss of data
     1>flyGame.cpp(651): warning C4244: 'argument' : conversion from 'const UINT' to 'float', possible loss of data
     1>flyGame.cpp(680): warning C4244: 'argument' : conversion from 'const UINT' to 'float', possible loss of data
     1>flyGame.cpp(681): warning C4244: 'argument' : conversion from 'const UINT' to 'float', possible loss of data
     1>flyGame.cpp(683): warning C4244: 'argument' : conversion from 'const UINT' to 'float', possible loss of data
     1>flyGame.cpp(684): warning C4244: 'argument' : conversion from 'const UINT' to 'float', possible loss of data
     1>flyGame.cpp(685): warning C4244: 'argument' : conversion from 'const UINT' to 'float', possible loss of data
     1>flyGame.cpp(686): warning C4244: 'argument' : conversion from 'const UINT' to 'float', possible loss of data
     1>flyGame.cpp(839): warning C4244: 'argument' : conversion from 'double' to 'int', possible loss of data
     1>flyGame.cpp(842): warning C4244: 'argument' : conversion from 'double' to 'int', possible loss of data
       Link:
         C:\Program Files (x86)\Microsoft Visual Studio 12.0\VC\bin\link.exe /ERRORREPORT:PROMPT /OUT:"C:\Users\Derricks\Desktop\RoachOne-master\Release\EnginePart1.exe" /NOLOGO /LIBPATH:"C:\Program Files (x86)\Microsoft DirectX SDK (June 2010)\\Lib\x86" d3d9.lib d3dx9.lib winmm.lib xinput.lib kernel32.lib user32.lib gdi32.lib winspool.lib comdlg32.lib advapi32.lib shell32.lib ole32.lib oleaut32.lib uuid.lib odbc32.lib odbccp32.lib /MANIFEST /MANIFESTUAC:"level='asInvoker' uiAccess='false'" /manifest:embed /DEBUG /PDB:"C:\Users\Derricks\Desktop\RoachOne-master\Release\EnginePart1.pdb" /OPT:REF /OPT:ICF /LTCG /TLBID:1 /DYNAMICBASE /NXCOMPAT /IMPLIB:"C:\Users\Derricks\Desktop\RoachOne-master\Release\EnginePart1.lib" /MACHINE:X86 /SAFESEH Release\entity.obj
         Release\Fly.obj
         Release\flyGame.obj
         Release\frogTongue.obj
         Release\game.obj
         Release\graphics.obj
         Release\image.obj
         Release\input.obj
         Release\invulnerable.obj
         Release\Player.obj
         Release\speedUp.obj
         Release\spiderWeb.obj
         Release\spitBall.obj
         Release\textDX.obj
         Release\textureManager.obj
         Release\Tornado.obj
         Release\winmain.obj
         Generating code
         Finished generating code
         EnginePart1.vcxproj -> C:\Users\Derricks\Desktop\RoachOne-master\Release\EnginePart1.exe
     1>Done Building Project "C:\Users\Derricks\Desktop\RoachOne-master\EnginePart1.vcxproj" (Build target(s)).

Build succeeded.

Time Elapsed 00:00:01.71
